<?xml version="1.0" encoding="UTF-8"?>
<coverage generated="1575933034382" clover="3.2.0">
  <project timestamp="1575933034383" name="All files">
    <metrics statements="91" coveredstatements="38" conditionals="15" coveredconditionals="6" methods="52" coveredmethods="14" elements="158" coveredelements="58" complexity="0" loc="91" ncloc="91" packages="1" files="1" classes="1"/>
    <file name="index.ts" path="C:\Users\nzw3tu\source\repos\ftc\toa-njs\src\index.ts">
      <metrics statements="91" coveredstatements="38" conditionals="15" coveredconditionals="6" methods="52" coveredmethods="14"/>
      <line num="2" count="2" type="stmt"/>
      <line num="3" count="2" type="stmt"/>
      <line num="5" count="2" type="stmt"/>
      <line num="7" count="2" type="stmt"/>
      <line num="29" count="2" type="stmt"/>
      <line num="31" count="2" type="stmt"/>
      <line num="34" count="2" type="stmt"/>
      <line num="47" count="2" type="stmt"/>
      <line num="48" count="2" type="stmt"/>
      <line num="49" count="2" type="cond" truecount="1" falsecount="1"/>
      <line num="50" count="2" type="stmt"/>
      <line num="51" count="2" type="cond" truecount="1" falsecount="1"/>
      <line num="52" count="2" type="stmt"/>
      <line num="54" count="0" type="cond" truecount="0" falsecount="2"/>
      <line num="55" count="0" type="stmt"/>
      <line num="60" count="8" type="stmt"/>
      <line num="73" count="8" type="cond" truecount="1" falsecount="1"/>
      <line num="75" count="0" type="stmt"/>
      <line num="78" count="8" type="stmt"/>
      <line num="79" count="8" type="cond" truecount="1" falsecount="1"/>
      <line num="80" count="0" type="stmt"/>
      <line num="84" count="8" type="stmt"/>
      <line num="85" count="8" type="cond" truecount="1" falsecount="1"/>
      <line num="86" count="8" type="stmt"/>
      <line num="89" count="8" type="stmt"/>
      <line num="93" count="8" type="stmt"/>
      <line num="95" count="0" type="stmt"/>
      <line num="97" count="8" type="stmt"/>
      <line num="109" count="0" type="stmt"/>
      <line num="110" count="0" type="stmt"/>
      <line num="111" count="0" type="stmt"/>
      <line num="123" count="6" type="stmt"/>
      <line num="124" count="6" type="stmt"/>
      <line num="125" count="6" type="stmt"/>
      <line num="132" count="1" type="stmt"/>
      <line num="133" count="1" type="stmt"/>
      <line num="134" count="1" type="stmt"/>
      <line num="140" count="0" type="stmt"/>
      <line num="141" count="0" type="stmt"/>
      <line num="147" count="0" type="stmt"/>
      <line num="148" count="0" type="stmt"/>
      <line num="154" count="0" type="stmt"/>
      <line num="155" count="0" type="stmt"/>
      <line num="161" count="0" type="stmt"/>
      <line num="162" count="0" type="stmt"/>
      <line num="168" count="0" type="stmt"/>
      <line num="169" count="0" type="stmt"/>
      <line num="176" count="0" type="stmt"/>
      <line num="183" count="0" type="stmt"/>
      <line num="189" count="0" type="stmt"/>
      <line num="201" count="0" type="stmt"/>
      <line num="210" count="0" type="stmt"/>
      <line num="233" count="1" type="stmt"/>
      <line num="248" count="1" type="stmt"/>
      <line num="249" count="1" type="stmt"/>
      <line num="250" count="1" type="stmt"/>
      <line num="258" count="1" type="stmt"/>
      <line num="266" count="1" type="stmt"/>
      <line num="274" count="1" type="stmt"/>
      <line num="287" count="1" type="stmt"/>
      <line num="298" count="1" type="stmt"/>
      <line num="313" count="0" type="stmt"/>
      <line num="324" count="0" type="stmt"/>
      <line num="335" count="0" type="stmt"/>
      <line num="346" count="0" type="stmt"/>
      <line num="357" count="0" type="stmt"/>
      <line num="368" count="0" type="stmt"/>
      <line num="380" count="0" type="stmt"/>
      <line num="393" count="0" type="stmt"/>
      <line num="394" count="0" type="stmt"/>
      <line num="395" count="0" type="stmt"/>
      <line num="403" count="0" type="stmt"/>
      <line num="414" count="0" type="stmt"/>
      <line num="422" count="0" type="stmt"/>
      <line num="433" count="0" type="stmt"/>
      <line num="446" count="0" type="stmt"/>
      <line num="453" count="0" type="stmt"/>
      <line num="454" count="0" type="stmt"/>
      <line num="455" count="0" type="stmt"/>
      <line num="463" count="0" type="stmt"/>
      <line num="473" count="0" type="stmt"/>
      <line num="485" count="0" type="stmt"/>
      <line num="500" count="0" type="stmt"/>
      <line num="515" count="0" type="stmt"/>
      <line num="530" count="0" type="stmt"/>
      <line num="542" count="0" type="stmt"/>
      <line num="553" count="0" type="stmt"/>
      <line num="562" count="0" type="stmt"/>
      <line num="574" count="0" type="stmt"/>
      <line num="587" count="0" type="stmt"/>
      <line num="594" count="0" type="stmt"/>
    </file>
  </project>
</coverage>
