{"C:\\Users\\nzw3tu\\source\\repos\\ftc\\toa-njs\\src\\index.ts": {"path":"C:\\Users\\nzw3tu\\source\\repos\\ftc\\toa-njs\\src\\index.ts","statementMap":{"0":{"start":{"line":2,"column":0},"end":{"line":2,"column":31}},"1":{"start":{"line":3,"column":0},"end":{"line":3,"column":25}},"2":{"start":{"line":5,"column":0},"end":{"line":5,"column":53}},"3":{"start":{"line":7,"column":0},"end":{"line":7,"column":null}},"4":{"start":{"line":29,"column":21},"end":{"line":29,"column":56}},"5":{"start":{"line":34,"column":10},"end":{"line":34,"column":38}},"6":{"start":{"line":47,"column":4},"end":{"line":47,"column":28}},"7":{"start":{"line":48,"column":4},"end":{"line":48,"column":38}},"8":{"start":{"line":49,"column":4},"end":{"line":56,"column":null}},"9":{"start":{"line":50,"column":6},"end":{"line":50,"column":43}},"10":{"start":{"line":51,"column":6},"end":{"line":53,"column":null}},"11":{"start":{"line":52,"column":8},"end":{"line":52,"column":46}},"12":{"start":{"line":54,"column":11},"end":{"line":56,"column":null}},"13":{"start":{"line":55,"column":6},"end":{"line":55,"column":26}},"14":{"start":{"line":60,"column":4},"end":{"line":64,"column":6}},"15":{"start":{"line":73,"column":4},"end":{"line":76,"column":null}},"16":{"start":{"line":75,"column":6},"end":{"line":75,"column":22}},"17":{"start":{"line":78,"column":31},"end":{"line":78,"column":50}},"18":{"start":{"line":79,"column":4},"end":{"line":81,"column":null}},"19":{"start":{"line":80,"column":6},"end":{"line":80,"column":40}},"20":{"start":{"line":84,"column":16},"end":{"line":84,"column":25}},"21":{"start":{"line":85,"column":4},"end":{"line":87,"column":null}},"22":{"start":{"line":86,"column":6},"end":{"line":86,"column":47}},"23":{"start":{"line":89,"column":15},"end":{"line":96,"column":8}},"24":{"start":{"line":93,"column":19},"end":{"line":93,"column":29}},"25":{"start":{"line":95,"column":8},"end":{"line":95,"column":29}},"26":{"start":{"line":97,"column":4},"end":{"line":97,"column":22}},"27":{"start":{"line":109,"column":19},"end":{"line":109,"column":44}},"28":{"start":{"line":110,"column":12},"end":{"line":110,"column":38}},"29":{"start":{"line":111,"column":4},"end":{"line":111,"column":13}},"30":{"start":{"line":123,"column":21},"end":{"line":123,"column":46}},"31":{"start":{"line":124,"column":12},"end":{"line":124,"column":58}},"32":{"start":{"line":124,"column":29},"end":{"line":124,"column":57}},"33":{"start":{"line":125,"column":4},"end":{"line":125,"column":13}},"34":{"start":{"line":132,"column":14},"end":{"line":132,"column":35}},"35":{"start":{"line":133,"column":39},"end":{"line":133,"column":54}},"36":{"start":{"line":134,"column":4},"end":{"line":134,"column":27}},"37":{"start":{"line":140,"column":4},"end":{"line":140,"column":66}},"38":{"start":{"line":141,"column":4},"end":{"line":141,"column":14}},"39":{"start":{"line":147,"column":4},"end":{"line":147,"column":66}},"40":{"start":{"line":148,"column":4},"end":{"line":148,"column":14}},"41":{"start":{"line":154,"column":4},"end":{"line":154,"column":66}},"42":{"start":{"line":155,"column":4},"end":{"line":155,"column":14}},"43":{"start":{"line":161,"column":4},"end":{"line":161,"column":66}},"44":{"start":{"line":162,"column":4},"end":{"line":162,"column":14}},"45":{"start":{"line":168,"column":4},"end":{"line":168,"column":66}},"46":{"start":{"line":169,"column":4},"end":{"line":169,"column":14}},"47":{"start":{"line":176,"column":4},"end":{"line":176,"column":63}},"48":{"start":{"line":183,"column":4},"end":{"line":183,"column":63}},"49":{"start":{"line":189,"column":4},"end":{"line":189,"column":87}},"50":{"start":{"line":201,"column":4},"end":{"line":204,"column":6}},"51":{"start":{"line":210,"column":4},"end":{"line":210,"column":72}},"52":{"start":{"line":233,"column":4},"end":{"line":241,"column":6}},"53":{"start":{"line":248,"column":12},"end":{"line":248,"column":43}},"54":{"start":{"line":249,"column":32},"end":{"line":249,"column":45}},"55":{"start":{"line":250,"column":4},"end":{"line":250,"column":20}},"56":{"start":{"line":258,"column":4},"end":{"line":258,"column":75}},"57":{"start":{"line":266,"column":4},"end":{"line":266,"column":80}},"58":{"start":{"line":274,"column":4},"end":{"line":277,"column":6}},"59":{"start":{"line":287,"column":4},"end":{"line":290,"column":6}},"60":{"start":{"line":298,"column":4},"end":{"line":301,"column":6}},"61":{"start":{"line":313,"column":4},"end":{"line":316,"column":6}},"62":{"start":{"line":324,"column":4},"end":{"line":327,"column":6}},"63":{"start":{"line":335,"column":4},"end":{"line":338,"column":6}},"64":{"start":{"line":346,"column":4},"end":{"line":349,"column":6}},"65":{"start":{"line":357,"column":4},"end":{"line":360,"column":6}},"66":{"start":{"line":368,"column":4},"end":{"line":368,"column":78}},"67":{"start":{"line":380,"column":4},"end":{"line":386,"column":6}},"68":{"start":{"line":393,"column":12},"end":{"line":393,"column":43}},"69":{"start":{"line":394,"column":32},"end":{"line":394,"column":45}},"70":{"start":{"line":395,"column":4},"end":{"line":395,"column":20}},"71":{"start":{"line":403,"column":4},"end":{"line":406,"column":9}},"72":{"start":{"line":414,"column":4},"end":{"line":414,"column":75}},"73":{"start":{"line":422,"column":4},"end":{"line":425,"column":9}},"74":{"start":{"line":433,"column":4},"end":{"line":436,"column":6}},"75":{"start":{"line":446,"column":4},"end":{"line":446,"column":58}},"76":{"start":{"line":453,"column":12},"end":{"line":453,"column":42}},"77":{"start":{"line":454,"column":32},"end":{"line":454,"column":45}},"78":{"start":{"line":455,"column":4},"end":{"line":455,"column":20}},"79":{"start":{"line":463,"column":4},"end":{"line":463,"column":72}},"80":{"start":{"line":473,"column":4},"end":{"line":473,"column":67}},"81":{"start":{"line":485,"column":4},"end":{"line":488,"column":6}},"82":{"start":{"line":500,"column":4},"end":{"line":503,"column":6}},"83":{"start":{"line":515,"column":4},"end":{"line":518,"column":6}},"84":{"start":{"line":530,"column":4},"end":{"line":533,"column":6}},"85":{"start":{"line":542,"column":4},"end":{"line":545,"column":6}},"86":{"start":{"line":553,"column":4},"end":{"line":553,"column":79}},"87":{"start":{"line":562,"column":4},"end":{"line":565,"column":9}},"88":{"start":{"line":574,"column":4},"end":{"line":577,"column":6}},"89":{"start":{"line":587,"column":4},"end":{"line":587,"column":78}},"90":{"start":{"line":594,"column":4},"end":{"line":594,"column":75}},"91":{"start":{"line":31,"column":0},"end":{"line":31,"column":13}}},"fnMap":{"0":{"name":"(anonymous_7)","decl":{"start":{"line":42,"column":2},"end":{"line":42,"column":null}},"loc":{"start":{"line":45,"column":28},"end":{"line":57,"column":3}}},"1":{"name":"(anonymous_8)","decl":{"start":{"line":59,"column":2},"end":{"line":59,"column":9}},"loc":{"start":{"line":59,"column":9},"end":{"line":65,"column":3}}},"2":{"name":"(anonymous_9)","decl":{"start":{"line":72,"column":16},"end":{"line":72,"column":21}},"loc":{"start":{"line":72,"column":46},"end":{"line":98,"column":null}}},"3":{"name":"(anonymous_11)","decl":{"start":{"line":93,"column":12},"end":{"line":93,"column":15}},"loc":{"start":{"line":93,"column":19},"end":{"line":93,"column":29}}},"4":{"name":"(anonymous_12)","decl":{"start":{"line":94,"column":13},"end":{"line":94,"column":16}},"loc":{"start":{"line":94,"column":19},"end":{"line":96,"column":7}}},"5":{"name":"(anonymous_13)","decl":{"start":{"line":105,"column":10},"end":{"line":105,"column":19}},"loc":{"start":{"line":107,"column":25},"end":{"line":112,"column":3}}},"6":{"name":"(anonymous_14)","decl":{"start":{"line":119,"column":10},"end":{"line":119,"column":18}},"loc":{"start":{"line":121,"column":25},"end":{"line":126,"column":3}}},"7":{"name":"(anonymous_15)","decl":{"start":{"line":124,"column":20},"end":{"line":124,"column":25}},"loc":{"start":{"line":124,"column":29},"end":{"line":124,"column":57}}},"8":{"name":"(anonymous_16)","decl":{"start":{"line":131,"column":8},"end":{"line":131,"column":14}},"loc":{"start":{"line":131,"column":14},"end":{"line":135,"column":null}}},"9":{"name":"(anonymous_18)","decl":{"start":{"line":139,"column":8},"end":{"line":139,"column":15}},"loc":{"start":{"line":139,"column":15},"end":{"line":142,"column":null}}},"10":{"name":"(anonymous_20)","decl":{"start":{"line":146,"column":8},"end":{"line":146,"column":18}},"loc":{"start":{"line":146,"column":18},"end":{"line":149,"column":null}}},"11":{"name":"(anonymous_22)","decl":{"start":{"line":153,"column":8},"end":{"line":153,"column":19}},"loc":{"start":{"line":153,"column":19},"end":{"line":156,"column":null}}},"12":{"name":"(anonymous_24)","decl":{"start":{"line":160,"column":8},"end":{"line":160,"column":18}},"loc":{"start":{"line":160,"column":18},"end":{"line":163,"column":null}}},"13":{"name":"(anonymous_26)","decl":{"start":{"line":167,"column":8},"end":{"line":167,"column":21}},"loc":{"start":{"line":167,"column":21},"end":{"line":170,"column":null}}},"14":{"name":"(anonymous_28)","decl":{"start":{"line":175,"column":8},"end":{"line":175,"column":18}},"loc":{"start":{"line":175,"column":18},"end":{"line":177,"column":null}}},"15":{"name":"(anonymous_30)","decl":{"start":{"line":182,"column":8},"end":{"line":182,"column":18}},"loc":{"start":{"line":182,"column":18},"end":{"line":184,"column":null}}},"16":{"name":"(anonymous_32)","decl":{"start":{"line":188,"column":8},"end":{"line":188,"column":21}},"loc":{"start":{"line":188,"column":21},"end":{"line":190,"column":null}}},"17":{"name":"(anonymous_34)","decl":{"start":{"line":197,"column":8},"end":{"line":197,"column":18}},"loc":{"start":{"line":199,"column":23},"end":{"line":205,"column":null}}},"18":{"name":"(anonymous_36)","decl":{"start":{"line":209,"column":8},"end":{"line":209,"column":18}},"loc":{"start":{"line":209,"column":18},"end":{"line":211,"column":null}}},"19":{"name":"(anonymous_38)","decl":{"start":{"line":222,"column":8},"end":{"line":222,"column":17}},"loc":{"start":{"line":232,"column":8},"end":{"line":242,"column":null}}},"20":{"name":"(anonymous_40)","decl":{"start":{"line":247,"column":8},"end":{"line":247,"column":21}},"loc":{"start":{"line":247,"column":21},"end":{"line":251,"column":null}}},"21":{"name":"(anonymous_42)","decl":{"start":{"line":257,"column":8},"end":{"line":257,"column":16}},"loc":{"start":{"line":257,"column":33},"end":{"line":259,"column":null}}},"22":{"name":"(anonymous_44)","decl":{"start":{"line":265,"column":8},"end":{"line":265,"column":23}},"loc":{"start":{"line":265,"column":40},"end":{"line":267,"column":null}}},"23":{"name":"(anonymous_46)","decl":{"start":{"line":273,"column":8},"end":{"line":273,"column":28}},"loc":{"start":{"line":273,"column":45},"end":{"line":278,"column":null}}},"24":{"name":"(anonymous_48)","decl":{"start":{"line":284,"column":8},"end":{"line":284,"column":33}},"loc":{"start":{"line":285,"column":20},"end":{"line":291,"column":null}}},"25":{"name":"(anonymous_50)","decl":{"start":{"line":297,"column":8},"end":{"line":297,"column":24}},"loc":{"start":{"line":297,"column":41},"end":{"line":302,"column":null}}},"26":{"name":"(anonymous_52)","decl":{"start":{"line":309,"column":8},"end":{"line":309,"column":24}},"loc":{"start":{"line":311,"column":28},"end":{"line":317,"column":null}}},"27":{"name":"(anonymous_54)","decl":{"start":{"line":323,"column":8},"end":{"line":323,"column":25}},"loc":{"start":{"line":323,"column":42},"end":{"line":328,"column":null}}},"28":{"name":"(anonymous_56)","decl":{"start":{"line":334,"column":8},"end":{"line":334,"column":23}},"loc":{"start":{"line":334,"column":40},"end":{"line":339,"column":null}}},"29":{"name":"(anonymous_58)","decl":{"start":{"line":345,"column":8},"end":{"line":345,"column":21}},"loc":{"start":{"line":345,"column":38},"end":{"line":350,"column":null}}},"30":{"name":"(anonymous_60)","decl":{"start":{"line":356,"column":8},"end":{"line":356,"column":22}},"loc":{"start":{"line":356,"column":39},"end":{"line":361,"column":null}}},"31":{"name":"(anonymous_62)","decl":{"start":{"line":367,"column":8},"end":{"line":367,"column":21}},"loc":{"start":{"line":367,"column":38},"end":{"line":369,"column":null}}},"32":{"name":"(anonymous_64)","decl":{"start":{"line":379,"column":8},"end":{"line":379,"column":24}},"loc":{"start":{"line":379,"column":74},"end":{"line":387,"column":null}}},"33":{"name":"(anonymous_66)","decl":{"start":{"line":392,"column":8},"end":{"line":392,"column":27}},"loc":{"start":{"line":392,"column":27},"end":{"line":396,"column":null}}},"34":{"name":"(anonymous_68)","decl":{"start":{"line":402,"column":8},"end":{"line":402,"column":25}},"loc":{"start":{"line":402,"column":57},"end":{"line":407,"column":null}}},"35":{"name":"(anonymous_70)","decl":{"start":{"line":413,"column":8},"end":{"line":413,"column":16}},"loc":{"start":{"line":413,"column":33},"end":{"line":415,"column":null}}},"36":{"name":"(anonymous_72)","decl":{"start":{"line":421,"column":8},"end":{"line":421,"column":23}},"loc":{"start":{"line":421,"column":40},"end":{"line":426,"column":null}}},"37":{"name":"(anonymous_74)","decl":{"start":{"line":432,"column":8},"end":{"line":432,"column":28}},"loc":{"start":{"line":432,"column":45},"end":{"line":437,"column":null}}},"38":{"name":"(anonymous_76)","decl":{"start":{"line":445,"column":8},"end":{"line":445,"column":16}},"loc":{"start":{"line":445,"column":16},"end":{"line":447,"column":null}}},"39":{"name":"(anonymous_78)","decl":{"start":{"line":452,"column":8},"end":{"line":452,"column":20}},"loc":{"start":{"line":452,"column":20},"end":{"line":456,"column":null}}},"40":{"name":"(anonymous_80)","decl":{"start":{"line":462,"column":8},"end":{"line":462,"column":15}},"loc":{"start":{"line":462,"column":31},"end":{"line":464,"column":null}}},"41":{"name":"(anonymous_82)","decl":{"start":{"line":470,"column":8},"end":{"line":470,"column":18}},"loc":{"start":{"line":471,"column":19},"end":{"line":474,"column":null}}},"42":{"name":"(anonymous_84)","decl":{"start":{"line":481,"column":8},"end":{"line":481,"column":21}},"loc":{"start":{"line":483,"column":21},"end":{"line":489,"column":null}}},"43":{"name":"(anonymous_86)","decl":{"start":{"line":496,"column":8},"end":{"line":496,"column":22}},"loc":{"start":{"line":498,"column":21},"end":{"line":504,"column":null}}},"44":{"name":"(anonymous_88)","decl":{"start":{"line":511,"column":8},"end":{"line":511,"column":21}},"loc":{"start":{"line":513,"column":21},"end":{"line":519,"column":null}}},"45":{"name":"(anonymous_90)","decl":{"start":{"line":526,"column":8},"end":{"line":526,"column":23}},"loc":{"start":{"line":528,"column":21},"end":{"line":534,"column":null}}},"46":{"name":"(anonymous_92)","decl":{"start":{"line":541,"column":8},"end":{"line":541,"column":20}},"loc":{"start":{"line":541,"column":55},"end":{"line":546,"column":null}}},"47":{"name":"(anonymous_94)","decl":{"start":{"line":552,"column":8},"end":{"line":552,"column":22}},"loc":{"start":{"line":552,"column":40},"end":{"line":554,"column":null}}},"48":{"name":"(anonymous_96)","decl":{"start":{"line":561,"column":8},"end":{"line":561,"column":21}},"loc":{"start":{"line":561,"column":56},"end":{"line":566,"column":null}}},"49":{"name":"(anonymous_98)","decl":{"start":{"line":573,"column":8},"end":{"line":573,"column":27}},"loc":{"start":{"line":573,"column":27},"end":{"line":578,"column":null}}},"50":{"name":"(anonymous_100)","decl":{"start":{"line":586,"column":8},"end":{"line":586,"column":17}},"loc":{"start":{"line":586,"column":35},"end":{"line":588,"column":null}}},"51":{"name":"(anonymous_102)","decl":{"start":{"line":593,"column":8},"end":{"line":593,"column":26}},"loc":{"start":{"line":593,"column":26},"end":{"line":595,"column":null}}}},"branchMap":{"0":{"loc":{"start":{"line":49,"column":4},"end":{"line":56,"column":null}},"type":"if","locations":[{"start":{"line":49,"column":4},"end":{"line":56,"column":null}},{"start":{"line":49,"column":4},"end":{"line":56,"column":null}}]},"1":{"loc":{"start":{"line":51,"column":6},"end":{"line":53,"column":null}},"type":"if","locations":[{"start":{"line":51,"column":6},"end":{"line":53,"column":null}},{"start":{"line":51,"column":6},"end":{"line":53,"column":null}}]},"2":{"loc":{"start":{"line":54,"column":11},"end":{"line":56,"column":null}},"type":"if","locations":[{"start":{"line":54,"column":11},"end":{"line":56,"column":null}},{"start":{"line":54,"column":11},"end":{"line":56,"column":null}}]},"3":{"loc":{"start":{"line":73,"column":4},"end":{"line":76,"column":null}},"type":"if","locations":[{"start":{"line":73,"column":4},"end":{"line":76,"column":null}},{"start":{"line":73,"column":4},"end":{"line":76,"column":null}}]},"4":{"loc":{"start":{"line":79,"column":4},"end":{"line":81,"column":null}},"type":"if","locations":[{"start":{"line":79,"column":4},"end":{"line":81,"column":null}},{"start":{"line":79,"column":4},"end":{"line":81,"column":null}}]},"5":{"loc":{"start":{"line":85,"column":4},"end":{"line":87,"column":null}},"type":"if","locations":[{"start":{"line":85,"column":4},"end":{"line":87,"column":null}},{"start":{"line":85,"column":4},"end":{"line":87,"column":null}}]},"6":{"loc":{"start":{"line":232,"column":6},"end":{"line":232,"column":8}},"type":"default-arg","locations":[{"start":{"line":232,"column":6},"end":{"line":232,"column":8}}]},"7":{"loc":{"start":{"line":379,"column":60},"end":{"line":379,"column":61}},"type":"default-arg","locations":[{"start":{"line":379,"column":60},"end":{"line":379,"column":61}}]},"8":{"loc":{"start":{"line":379,"column":71},"end":{"line":379,"column":74}},"type":"default-arg","locations":[{"start":{"line":379,"column":71},"end":{"line":379,"column":74}}]}},"s":{"0":2,"1":2,"2":2,"3":2,"4":2,"5":2,"6":2,"7":2,"8":2,"9":2,"10":2,"11":2,"12":0,"13":0,"14":8,"15":8,"16":0,"17":8,"18":8,"19":0,"20":8,"21":8,"22":8,"23":8,"24":8,"25":0,"26":8,"27":0,"28":0,"29":0,"30":6,"31":6,"32":6,"33":6,"34":1,"35":1,"36":1,"37":0,"38":0,"39":0,"40":0,"41":0,"42":0,"43":0,"44":0,"45":0,"46":0,"47":0,"48":0,"49":0,"50":0,"51":0,"52":1,"53":1,"54":1,"55":1,"56":1,"57":1,"58":1,"59":1,"60":1,"61":0,"62":0,"63":0,"64":0,"65":0,"66":0,"67":0,"68":0,"69":0,"70":0,"71":0,"72":0,"73":0,"74":0,"75":0,"76":0,"77":0,"78":0,"79":0,"80":0,"81":0,"82":0,"83":0,"84":0,"85":0,"86":0,"87":0,"88":0,"89":0,"90":0,"91":2},"f":{"0":2,"1":8,"2":8,"3":8,"4":0,"5":0,"6":6,"7":6,"8":1,"9":0,"10":0,"11":0,"12":0,"13":0,"14":0,"15":0,"16":0,"17":0,"18":0,"19":1,"20":1,"21":1,"22":1,"23":1,"24":1,"25":1,"26":0,"27":0,"28":0,"29":0,"30":0,"31":0,"32":0,"33":0,"34":0,"35":0,"36":0,"37":0,"38":0,"39":0,"40":0,"41":0,"42":0,"43":0,"44":0,"45":0,"46":0,"47":0,"48":0,"49":0,"50":0,"51":0},"b":{"0":[2,0],"1":[2,0],"2":[0,0],"3":[0,8],"4":[0,8],"5":[8,0],"6":[1],"7":[0],"8":[0]}}
}
