TN:
SF:C:\Users\nzw3tu\source\repos\ftc\toa-njs\src\index.ts
FN:42,(anonymous_7)
FN:59,(anonymous_8)
FN:72,(anonymous_9)
FN:93,(anonymous_11)
FN:94,(anonymous_12)
FN:105,(anonymous_13)
FN:119,(anonymous_14)
FN:124,(anonymous_15)
FN:131,(anonymous_16)
FN:139,(anonymous_18)
FN:146,(anonymous_20)
FN:153,(anonymous_22)
FN:160,(anonymous_24)
FN:167,(anonymous_26)
FN:175,(anonymous_28)
FN:182,(anonymous_30)
FN:188,(anonymous_32)
FN:197,(anonymous_34)
FN:209,(anonymous_36)
FN:222,(anonymous_38)
FN:247,(anonymous_40)
FN:257,(anonymous_42)
FN:265,(anonymous_44)
FN:273,(anonymous_46)
FN:284,(anonymous_48)
FN:297,(anonymous_50)
FN:309,(anonymous_52)
FN:323,(anonymous_54)
FN:334,(anonymous_56)
FN:345,(anonymous_58)
FN:356,(anonymous_60)
FN:367,(anonymous_62)
FN:379,(anonymous_64)
FN:392,(anonymous_66)
FN:402,(anonymous_68)
FN:413,(anonymous_70)
FN:421,(anonymous_72)
FN:432,(anonymous_74)
FN:445,(anonymous_76)
FN:452,(anonymous_78)
FN:462,(anonymous_80)
FN:470,(anonymous_82)
FN:481,(anonymous_84)
FN:496,(anonymous_86)
FN:511,(anonymous_88)
FN:526,(anonymous_90)
FN:541,(anonymous_92)
FN:552,(anonymous_94)
FN:561,(anonymous_96)
FN:573,(anonymous_98)
FN:586,(anonymous_100)
FN:593,(anonymous_102)
FNF:52
FNH:14
FNDA:2,(anonymous_7)
FNDA:8,(anonymous_8)
FNDA:8,(anonymous_9)
FNDA:8,(anonymous_11)
FNDA:0,(anonymous_12)
FNDA:0,(anonymous_13)
FNDA:6,(anonymous_14)
FNDA:6,(anonymous_15)
FNDA:1,(anonymous_16)
FNDA:0,(anonymous_18)
FNDA:0,(anonymous_20)
FNDA:0,(anonymous_22)
FNDA:0,(anonymous_24)
FNDA:0,(anonymous_26)
FNDA:0,(anonymous_28)
FNDA:0,(anonymous_30)
FNDA:0,(anonymous_32)
FNDA:0,(anonymous_34)
FNDA:0,(anonymous_36)
FNDA:1,(anonymous_38)
FNDA:1,(anonymous_40)
FNDA:1,(anonymous_42)
FNDA:1,(anonymous_44)
FNDA:1,(anonymous_46)
FNDA:1,(anonymous_48)
FNDA:1,(anonymous_50)
FNDA:0,(anonymous_52)
FNDA:0,(anonymous_54)
FNDA:0,(anonymous_56)
FNDA:0,(anonymous_58)
FNDA:0,(anonymous_60)
FNDA:0,(anonymous_62)
FNDA:0,(anonymous_64)
FNDA:0,(anonymous_66)
FNDA:0,(anonymous_68)
FNDA:0,(anonymous_70)
FNDA:0,(anonymous_72)
FNDA:0,(anonymous_74)
FNDA:0,(anonymous_76)
FNDA:0,(anonymous_78)
FNDA:0,(anonymous_80)
FNDA:0,(anonymous_82)
FNDA:0,(anonymous_84)
FNDA:0,(anonymous_86)
FNDA:0,(anonymous_88)
FNDA:0,(anonymous_90)
FNDA:0,(anonymous_92)
FNDA:0,(anonymous_94)
FNDA:0,(anonymous_96)
FNDA:0,(anonymous_98)
FNDA:0,(anonymous_100)
FNDA:0,(anonymous_102)
DA:2,2
DA:3,2
DA:5,2
DA:7,2
DA:29,2
DA:31,2
DA:34,2
DA:47,2
DA:48,2
DA:49,2
DA:50,2
DA:51,2
DA:52,2
DA:54,0
DA:55,0
DA:60,8
DA:73,8
DA:75,0
DA:78,8
DA:79,8
DA:80,0
DA:84,8
DA:85,8
DA:86,8
DA:89,8
DA:93,8
DA:95,0
DA:97,8
DA:109,0
DA:110,0
DA:111,0
DA:123,6
DA:124,6
DA:125,6
DA:132,1
DA:133,1
DA:134,1
DA:140,0
DA:141,0
DA:147,0
DA:148,0
DA:154,0
DA:155,0
DA:161,0
DA:162,0
DA:168,0
DA:169,0
DA:176,0
DA:183,0
DA:189,0
DA:201,0
DA:210,0
DA:233,1
DA:248,1
DA:249,1
DA:250,1
DA:258,1
DA:266,1
DA:274,1
DA:287,1
DA:298,1
DA:313,0
DA:324,0
DA:335,0
DA:346,0
DA:357,0
DA:368,0
DA:380,0
DA:393,0
DA:394,0
DA:395,0
DA:403,0
DA:414,0
DA:422,0
DA:433,0
DA:446,0
DA:453,0
DA:454,0
DA:455,0
DA:463,0
DA:473,0
DA:485,0
DA:500,0
DA:515,0
DA:530,0
DA:542,0
DA:553,0
DA:562,0
DA:574,0
DA:587,0
DA:594,0
LF:91
LH:38
BRDA:49,0,0,2
BRDA:49,0,1,0
BRDA:51,1,0,2
BRDA:51,1,1,0
BRDA:54,2,0,0
BRDA:54,2,1,0
BRDA:73,3,0,0
BRDA:73,3,1,8
BRDA:79,4,0,0
BRDA:79,4,1,8
BRDA:85,5,0,8
BRDA:85,5,1,0
BRDA:232,6,0,1
BRDA:379,7,0,0
BRDA:379,8,0,0
BRF:15
BRH:6
end_of_record
